2021-09-13 14:13:43,786 WARN com.zaxxer.hikari.pool.HikariPool$HouseKeeper [HikariPool-90 housekeeper] HikariPool-90 - Thread starvation or clock leap detected (housekeeper delta=2d3h36m48s124ms899µs300ns).
2021-09-13 14:14:16,828 INFO org.springframework.orm.jpa.AbstractEntityManagerFactoryBean [Thread-445] Closing JPA EntityManagerFactory for persistence unit 'default'
2021-09-13 14:14:16,828 INFO com.zaxxer.hikari.HikariDataSource [Thread-445] HikariPool-90 - Shutdown initiated...
2021-09-13 14:14:16,828 INFO com.zaxxer.hikari.HikariDataSource [Thread-445] HikariPool-90 - Shutdown completed.
2021-09-13 14:14:21,931 INFO org.springframework.boot.StartupInfoLogger [restartedMain] Starting SpringCrudApplication using Java 16.0.1 on lenovoT450 with PID 21172 (C:\Users\IT Work\git\Main\target\classes started by IT Work in C:\Users\IT Work\git\Main)
2021-09-13 14:14:21,931 DEBUG org.springframework.boot.StartupInfoLogger [restartedMain] Running with Spring Boot v2.5.1, Spring v5.3.8
2021-09-13 14:14:21,931 INFO org.springframework.boot.SpringApplication [restartedMain] No active profile set, falling back to default profiles: default
2021-09-13 14:14:37,290 INFO org.springframework.data.repository.config.RepositoryConfigurationDelegate [restartedMain] Bootstrapping Spring Data JPA repositories in DEFAULT mode.
2021-09-13 14:14:37,353 INFO org.springframework.data.repository.config.RepositoryConfigurationDelegate [restartedMain] Finished Spring Data repository scanning in 59 ms. Found 5 JPA repository interfaces.
2021-09-13 14:14:37,824 INFO org.springframework.context.support.PostProcessorRegistrationDelegate$BeanPostProcessorChecker [restartedMain] Bean 'org.springframework.security.access.expression.method.DefaultMethodSecurityExpressionHandler@2f5a6d97' of type [org.springframework.security.access.expression.method.DefaultMethodSecurityExpressionHandler] is not eligible for getting processed by all BeanPostProcessors (for example: not eligible for auto-proxying)
2021-09-13 14:14:37,824 INFO org.springframework.context.support.PostProcessorRegistrationDelegate$BeanPostProcessorChecker [restartedMain] Bean 'methodSecurityMetadataSource' of type [org.springframework.security.access.method.DelegatingMethodSecurityMetadataSource] is not eligible for getting processed by all BeanPostProcessors (for example: not eligible for auto-proxying)
2021-09-13 14:14:40,604 INFO org.springframework.boot.web.embedded.tomcat.TomcatWebServer [restartedMain] Tomcat initialized with port(s): 8484 (http)
2021-09-13 14:14:40,620 INFO org.apache.juli.logging.DirectJDKLog [restartedMain] Starting service [Tomcat]
2021-09-13 14:14:40,620 INFO org.apache.juli.logging.DirectJDKLog [restartedMain] Starting Servlet engine: [Apache Tomcat/9.0.46]
2021-09-13 14:14:52,608 INFO org.apache.juli.logging.DirectJDKLog [restartedMain] At least one JAR was scanned for TLDs yet contained no TLDs. Enable debug logging for this logger for a complete list of JARs that were scanned but no TLDs were found in them. Skipping unneeded JARs during scanning can improve startup time and JSP compilation time.
2021-09-13 14:14:52,633 INFO org.apache.juli.logging.DirectJDKLog [restartedMain] Initializing Spring embedded WebApplicationContext
2021-09-13 14:14:52,633 INFO org.springframework.boot.web.servlet.context.ServletWebServerApplicationContext [restartedMain] Root WebApplicationContext: initialization completed in 29719 ms
2021-09-13 14:14:52,645 INFO com.zaxxer.hikari.HikariDataSource [restartedMain] HikariPool-91 - Starting...
2021-09-13 14:14:52,661 INFO com.zaxxer.hikari.HikariDataSource [restartedMain] HikariPool-91 - Start completed.
2021-09-13 14:14:52,661 INFO org.springframework.boot.autoconfigure.h2.H2ConsoleAutoConfiguration [restartedMain] H2 console available at '/h2-console'. Database available at 'jdbc:mysql://localhost:3306/grocery_store'
2021-09-13 14:14:53,210 INFO org.hibernate.jpa.internal.util.LogHelper [restartedMain] HHH000204: Processing PersistenceUnitInfo [name: default]
2021-09-13 14:14:53,225 INFO org.hibernate.dialect.Dialect [restartedMain] HHH000400: Using dialect: org.hibernate.dialect.MySQL8Dialect
2021-09-13 14:14:56,286 INFO org.hibernate.engine.transaction.jta.platform.internal.JtaPlatformInitiator [restartedMain] HHH000490: Using JtaPlatform implementation: [org.hibernate.engine.transaction.jta.platform.internal.NoJtaPlatform]
2021-09-13 14:14:56,575 INFO org.springframework.orm.jpa.AbstractEntityManagerFactoryBean [restartedMain] Initialized JPA EntityManagerFactory for persistence unit 'default'
2021-09-13 14:14:56,685 WARN org.springframework.boot.autoconfigure.orm.jpa.JpaBaseConfiguration$JpaWebConfiguration [restartedMain] spring.jpa.open-in-view is enabled by default. Therefore, database queries may be performed during view rendering. Explicitly configure spring.jpa.open-in-view to disable this warning
2021-09-13 14:14:56,732 DEBUG org.springframework.web.filter.GenericFilterBean [restartedMain] Filter 'jwtRequestFilter' configured for use
2021-09-13 14:14:57,772 INFO org.springframework.security.web.DefaultSecurityFilterChain [restartedMain] Will secure any request with [org.springframework.security.web.context.request.async.WebAsyncManagerIntegrationFilter@3731459c, org.springframework.security.web.context.SecurityContextPersistenceFilter@4286a6ed, org.springframework.security.web.header.HeaderWriterFilter@3a0377f7, org.springframework.security.web.authentication.logout.LogoutFilter@387e7381, com.colin.security.JwtRequestFilter@5cf08249, org.springframework.security.web.savedrequest.RequestCacheAwareFilter@127bd9c8, org.springframework.security.web.servletapi.SecurityContextHolderAwareRequestFilter@33a813f, org.springframework.security.web.authentication.AnonymousAuthenticationFilter@41e62775, org.springframework.security.web.session.SessionManagementFilter@1aa6f220, org.springframework.security.web.access.ExceptionTranslationFilter@768f513a, org.springframework.security.web.access.intercept.FilterSecurityInterceptor@2086d335]
2021-09-13 14:14:57,850 INFO org.springframework.boot.devtools.autoconfigure.OptionalLiveReloadServer [restartedMain] LiveReload server is running on port 35729
2021-09-13 14:14:58,022 INFO org.springframework.boot.autoconfigure.web.servlet.WelcomePageHandlerMapping [restartedMain] Adding welcome page: class path resource [static/index.html]
2021-09-13 14:14:58,116 INFO org.springframework.boot.web.embedded.tomcat.TomcatWebServer [restartedMain] Tomcat started on port(s): 8484 (http) with context path ''
2021-09-13 14:14:58,116 INFO springfox.documentation.spring.web.plugins.DocumentationPluginsBootstrapper [restartedMain] Context refreshed
2021-09-13 14:14:58,132 INFO springfox.documentation.spring.web.plugins.DocumentationPluginsBootstrapper [restartedMain] Found 1 custom documentation plugin(s)
2021-09-13 14:14:58,132 INFO springfox.documentation.spring.web.scanners.ApiListingReferenceScanner [restartedMain] Scanning for api listing references
2021-09-13 14:14:58,179 INFO org.springframework.boot.StartupInfoLogger [restartedMain] Started SpringCrudApplication in 37.7 seconds (JVM running for 211079.982)
2021-09-13 14:14:58,179 INFO org.springframework.boot.devtools.autoconfigure.ConditionEvaluationDeltaLoggingListener [restartedMain] Condition evaluation unchanged
2021-09-13 14:19:18,994 INFO org.springframework.orm.jpa.AbstractEntityManagerFactoryBean [Thread-450] Closing JPA EntityManagerFactory for persistence unit 'default'
2021-09-13 14:19:18,994 INFO com.zaxxer.hikari.HikariDataSource [Thread-450] HikariPool-91 - Shutdown initiated...
2021-09-13 14:19:19,119 INFO com.zaxxer.hikari.HikariDataSource [Thread-450] HikariPool-91 - Shutdown completed.
2021-09-13 14:19:19,556 INFO org.springframework.boot.StartupInfoLogger [restartedMain] Starting SpringCrudApplication using Java 16.0.1 on lenovoT450 with PID 21172 (C:\Users\IT Work\git\Main\target\classes started by IT Work in C:\Users\IT Work\git\Main)
2021-09-13 14:19:19,556 DEBUG org.springframework.boot.StartupInfoLogger [restartedMain] Running with Spring Boot v2.5.1, Spring v5.3.8
2021-09-13 14:19:19,556 INFO org.springframework.boot.SpringApplication [restartedMain] No active profile set, falling back to default profiles: default
2021-09-13 14:19:21,713 INFO org.springframework.data.repository.config.RepositoryConfigurationDelegate [restartedMain] Bootstrapping Spring Data JPA repositories in DEFAULT mode.
2021-09-13 14:19:21,822 INFO org.springframework.data.repository.config.RepositoryConfigurationDelegate [restartedMain] Finished Spring Data repository scanning in 96 ms. Found 5 JPA repository interfaces.
2021-09-13 14:19:21,931 INFO org.springframework.context.support.PostProcessorRegistrationDelegate$BeanPostProcessorChecker [restartedMain] Bean 'org.springframework.security.access.expression.method.DefaultMethodSecurityExpressionHandler@5deba2ba' of type [org.springframework.security.access.expression.method.DefaultMethodSecurityExpressionHandler] is not eligible for getting processed by all BeanPostProcessors (for example: not eligible for auto-proxying)
2021-09-13 14:19:21,931 INFO org.springframework.context.support.PostProcessorRegistrationDelegate$BeanPostProcessorChecker [restartedMain] Bean 'methodSecurityMetadataSource' of type [org.springframework.security.access.method.DelegatingMethodSecurityMetadataSource] is not eligible for getting processed by all BeanPostProcessors (for example: not eligible for auto-proxying)
2021-09-13 14:19:22,041 INFO org.springframework.boot.web.embedded.tomcat.TomcatWebServer [restartedMain] Tomcat initialized with port(s): 8484 (http)
2021-09-13 14:19:22,041 INFO org.apache.juli.logging.DirectJDKLog [restartedMain] Starting service [Tomcat]
2021-09-13 14:19:22,041 INFO org.apache.juli.logging.DirectJDKLog [restartedMain] Starting Servlet engine: [Apache Tomcat/9.0.46]
2021-09-13 14:19:22,306 INFO org.apache.juli.logging.DirectJDKLog [restartedMain] At least one JAR was scanned for TLDs yet contained no TLDs. Enable debug logging for this logger for a complete list of JARs that were scanned but no TLDs were found in them. Skipping unneeded JARs during scanning can improve startup time and JSP compilation time.
2021-09-13 14:19:22,306 INFO org.apache.juli.logging.DirectJDKLog [restartedMain] Initializing Spring embedded WebApplicationContext
2021-09-13 14:19:22,306 INFO org.springframework.boot.web.servlet.context.ServletWebServerApplicationContext [restartedMain] Root WebApplicationContext: initialization completed in 2750 ms
2021-09-13 14:19:22,322 INFO com.zaxxer.hikari.HikariDataSource [restartedMain] HikariPool-92 - Starting...
2021-09-13 14:19:22,384 INFO com.zaxxer.hikari.HikariDataSource [restartedMain] HikariPool-92 - Start completed.
2021-09-13 14:19:22,384 INFO org.springframework.boot.autoconfigure.h2.H2ConsoleAutoConfiguration [restartedMain] H2 console available at '/h2-console'. Database available at 'jdbc:mysql://localhost:3306/grocery_store'
2021-09-13 14:19:22,447 INFO org.hibernate.jpa.internal.util.LogHelper [restartedMain] HHH000204: Processing PersistenceUnitInfo [name: default]
2021-09-13 14:19:22,478 INFO org.hibernate.dialect.Dialect [restartedMain] HHH000400: Using dialect: org.hibernate.dialect.MySQL8Dialect
2021-09-13 14:19:22,997 INFO org.hibernate.engine.transaction.jta.platform.internal.JtaPlatformInitiator [restartedMain] HHH000490: Using JtaPlatform implementation: [org.hibernate.engine.transaction.jta.platform.internal.NoJtaPlatform]
2021-09-13 14:19:22,997 INFO org.springframework.orm.jpa.AbstractEntityManagerFactoryBean [restartedMain] Initialized JPA EntityManagerFactory for persistence unit 'default'
2021-09-13 14:19:23,257 WARN org.springframework.boot.autoconfigure.orm.jpa.JpaBaseConfiguration$JpaWebConfiguration [restartedMain] spring.jpa.open-in-view is enabled by default. Therefore, database queries may be performed during view rendering. Explicitly configure spring.jpa.open-in-view to disable this warning
2021-09-13 14:19:23,335 DEBUG org.springframework.web.filter.GenericFilterBean [restartedMain] Filter 'jwtRequestFilter' configured for use
2021-09-13 14:19:27,130 INFO org.springframework.security.web.DefaultSecurityFilterChain [restartedMain] Will secure any request with [org.springframework.security.web.context.request.async.WebAsyncManagerIntegrationFilter@1aea4202, org.springframework.security.web.context.SecurityContextPersistenceFilter@375826e4, org.springframework.security.web.header.HeaderWriterFilter@318a730, org.springframework.security.web.authentication.logout.LogoutFilter@68c941a0, com.colin.security.JwtRequestFilter@238e0aea, org.springframework.security.web.savedrequest.RequestCacheAwareFilter@4d95466f, org.springframework.security.web.servletapi.SecurityContextHolderAwareRequestFilter@b7259ca, org.springframework.security.web.authentication.AnonymousAuthenticationFilter@44985577, org.springframework.security.web.session.SessionManagementFilter@35140468, org.springframework.security.web.access.ExceptionTranslationFilter@cfed931, org.springframework.security.web.access.intercept.FilterSecurityInterceptor@93ed35f]
2021-09-13 14:19:27,211 INFO org.springframework.boot.devtools.autoconfigure.OptionalLiveReloadServer [restartedMain] LiveReload server is running on port 35729
2021-09-13 14:19:27,219 INFO org.springframework.boot.autoconfigure.web.servlet.WelcomePageHandlerMapping [restartedMain] Adding welcome page: class path resource [static/index.html]
2021-09-13 14:19:27,367 INFO org.springframework.boot.web.embedded.tomcat.TomcatWebServer [restartedMain] Tomcat started on port(s): 8484 (http) with context path ''
2021-09-13 14:19:27,367 INFO springfox.documentation.spring.web.plugins.DocumentationPluginsBootstrapper [restartedMain] Context refreshed
2021-09-13 14:19:27,382 INFO springfox.documentation.spring.web.plugins.DocumentationPluginsBootstrapper [restartedMain] Found 1 custom documentation plugin(s)
2021-09-13 14:19:27,382 INFO springfox.documentation.spring.web.scanners.ApiListingReferenceScanner [restartedMain] Scanning for api listing references
2021-09-13 14:19:27,476 INFO org.springframework.boot.StartupInfoLogger [restartedMain] Started SpringCrudApplication in 8.045 seconds (JVM running for 211349.274)
2021-09-13 14:19:27,476 INFO org.springframework.boot.devtools.autoconfigure.ConditionEvaluationDeltaLoggingListener [restartedMain] Condition evaluation unchanged
2021-09-13 14:21:05,609 INFO org.apache.juli.logging.DirectJDKLog [http-nio-8484-exec-2] Initializing Spring DispatcherServlet 'dispatcherServlet'
2021-09-13 14:21:05,609 INFO org.springframework.web.servlet.FrameworkServlet [http-nio-8484-exec-2] Initializing Servlet 'dispatcherServlet'
2021-09-13 14:21:05,628 INFO org.springframework.web.servlet.FrameworkServlet [http-nio-8484-exec-2] Completed initialization in 19 ms
2021-09-13 14:21:05,781 WARN com.colin.security.JwtRequestFilter [http-nio-8484-exec-4] JWT Token does not begin with Bearer String
2021-09-13 14:21:05,785 DEBUG com.colin.aspect.ProductControllerAspect [http-nio-8484-exec-4] Method: List com.colin.controller.ProductController.listAllProducts()
2021-09-13 14:21:06,843 DEBUG com.colin.aspect.ProductControllerAspect [http-nio-8484-exec-4] Returns: []
2021-09-13 14:24:01,868 WARN com.colin.security.JwtRequestFilter [http-nio-8484-exec-7] JWT Token does not begin with Bearer String
2021-09-13 14:24:01,870 DEBUG com.colin.aspect.ProductControllerAspect [http-nio-8484-exec-7] Method: List com.colin.controller.ProductController.listAllProducts()
2021-09-13 14:24:01,875 DEBUG com.colin.aspect.ProductControllerAspect [http-nio-8484-exec-7] Returns: []
2021-09-13 14:24:16,748 WARN com.colin.security.JwtRequestFilter [http-nio-8484-exec-8] JWT Token does not begin with Bearer String
2021-09-13 14:24:16,749 DEBUG com.colin.aspect.ProductControllerAspect [http-nio-8484-exec-8] Method: List com.colin.controller.ProductController.listAllProducts()
2021-09-13 14:24:16,753 DEBUG com.colin.aspect.ProductControllerAspect [http-nio-8484-exec-8] Returns: []
2021-09-13 14:24:17,522 WARN com.colin.security.JwtRequestFilter [http-nio-8484-exec-9] JWT Token does not begin with Bearer String
2021-09-13 14:24:21,997 INFO org.springframework.orm.jpa.AbstractEntityManagerFactoryBean [Thread-455] Closing JPA EntityManagerFactory for persistence unit 'default'
2021-09-13 14:24:21,998 INFO com.zaxxer.hikari.HikariDataSource [Thread-455] HikariPool-92 - Shutdown initiated...
2021-09-13 14:24:22,048 INFO com.zaxxer.hikari.HikariDataSource [Thread-455] HikariPool-92 - Shutdown completed.
2021-09-13 14:24:22,857 INFO org.springframework.boot.StartupInfoLogger [restartedMain] Starting SpringCrudApplication using Java 16.0.1 on lenovoT450 with PID 21172 (C:\Users\IT Work\git\Main\target\classes started by IT Work in C:\Users\IT Work\git\Main)
2021-09-13 14:24:22,858 DEBUG org.springframework.boot.StartupInfoLogger [restartedMain] Running with Spring Boot v2.5.1, Spring v5.3.8
2021-09-13 14:24:22,858 INFO org.springframework.boot.SpringApplication [restartedMain] No active profile set, falling back to default profiles: default
2021-09-13 14:24:25,437 INFO org.springframework.data.repository.config.RepositoryConfigurationDelegate [restartedMain] Bootstrapping Spring Data JPA repositories in DEFAULT mode.
2021-09-13 14:24:25,563 INFO org.springframework.data.repository.config.RepositoryConfigurationDelegate [restartedMain] Finished Spring Data repository scanning in 125 ms. Found 5 JPA repository interfaces.
2021-09-13 14:24:25,719 INFO org.springframework.context.support.PostProcessorRegistrationDelegate$BeanPostProcessorChecker [restartedMain] Bean 'org.springframework.security.access.expression.method.DefaultMethodSecurityExpressionHandler@f5da8f7' of type [org.springframework.security.access.expression.method.DefaultMethodSecurityExpressionHandler] is not eligible for getting processed by all BeanPostProcessors (for example: not eligible for auto-proxying)
2021-09-13 14:24:25,720 INFO org.springframework.context.support.PostProcessorRegistrationDelegate$BeanPostProcessorChecker [restartedMain] Bean 'methodSecurityMetadataSource' of type [org.springframework.security.access.method.DelegatingMethodSecurityMetadataSource] is not eligible for getting processed by all BeanPostProcessors (for example: not eligible for auto-proxying)
2021-09-13 14:24:25,831 INFO org.springframework.boot.web.embedded.tomcat.TomcatWebServer [restartedMain] Tomcat initialized with port(s): 8484 (http)
2021-09-13 14:24:25,832 INFO org.apache.juli.logging.DirectJDKLog [restartedMain] Starting service [Tomcat]
2021-09-13 14:24:25,832 INFO org.apache.juli.logging.DirectJDKLog [restartedMain] Starting Servlet engine: [Apache Tomcat/9.0.46]
2021-09-13 14:24:26,068 INFO org.apache.juli.logging.DirectJDKLog [restartedMain] At least one JAR was scanned for TLDs yet contained no TLDs. Enable debug logging for this logger for a complete list of JARs that were scanned but no TLDs were found in them. Skipping unneeded JARs during scanning can improve startup time and JSP compilation time.
2021-09-13 14:24:26,078 INFO org.apache.juli.logging.DirectJDKLog [restartedMain] Initializing Spring embedded WebApplicationContext
2021-09-13 14:24:26,079 INFO org.springframework.boot.web.servlet.context.ServletWebServerApplicationContext [restartedMain] Root WebApplicationContext: initialization completed in 3216 ms
2021-09-13 14:24:26,093 INFO com.zaxxer.hikari.HikariDataSource [restartedMain] HikariPool-93 - Starting...
2021-09-13 14:24:26,352 INFO com.zaxxer.hikari.HikariDataSource [restartedMain] HikariPool-93 - Start completed.
2021-09-13 14:24:26,352 INFO org.springframework.boot.autoconfigure.h2.H2ConsoleAutoConfiguration [restartedMain] H2 console available at '/h2-console'. Database available at 'jdbc:mysql://localhost:3306/grocery_store'
2021-09-13 14:24:26,613 INFO org.hibernate.jpa.internal.util.LogHelper [restartedMain] HHH000204: Processing PersistenceUnitInfo [name: default]
2021-09-13 14:24:26,631 INFO org.hibernate.dialect.Dialect [restartedMain] HHH000400: Using dialect: org.hibernate.dialect.MySQL8Dialect
2021-09-13 14:24:27,081 INFO org.hibernate.engine.transaction.jta.platform.internal.JtaPlatformInitiator [restartedMain] HHH000490: Using JtaPlatform implementation: [org.hibernate.engine.transaction.jta.platform.internal.NoJtaPlatform]
2021-09-13 14:24:27,081 INFO org.springframework.orm.jpa.AbstractEntityManagerFactoryBean [restartedMain] Initialized JPA EntityManagerFactory for persistence unit 'default'
2021-09-13 14:24:27,521 WARN org.springframework.boot.autoconfigure.orm.jpa.JpaBaseConfiguration$JpaWebConfiguration [restartedMain] spring.jpa.open-in-view is enabled by default. Therefore, database queries may be performed during view rendering. Explicitly configure spring.jpa.open-in-view to disable this warning
2021-09-13 14:24:27,565 DEBUG org.springframework.web.filter.GenericFilterBean [restartedMain] Filter 'jwtRequestFilter' configured for use
2021-09-13 14:24:34,130 INFO org.springframework.security.web.DefaultSecurityFilterChain [restartedMain] Will secure any request with [org.springframework.security.web.context.request.async.WebAsyncManagerIntegrationFilter@7ad3ff58, org.springframework.security.web.context.SecurityContextPersistenceFilter@58a0659d, org.springframework.security.web.header.HeaderWriterFilter@5e6304c2, org.springframework.security.web.authentication.logout.LogoutFilter@591cd560, com.colin.security.JwtRequestFilter@6e85024e, org.springframework.security.web.savedrequest.RequestCacheAwareFilter@631cef51, org.springframework.security.web.servletapi.SecurityContextHolderAwareRequestFilter@259fb2e4, org.springframework.security.web.authentication.AnonymousAuthenticationFilter@56f34766, org.springframework.security.web.session.SessionManagementFilter@64b8796f, org.springframework.security.web.access.ExceptionTranslationFilter@1435e64e, org.springframework.security.web.access.intercept.FilterSecurityInterceptor@462add18]
2021-09-13 14:24:34,292 INFO org.springframework.boot.devtools.autoconfigure.OptionalLiveReloadServer [restartedMain] LiveReload server is running on port 35729
2021-09-13 14:24:34,301 INFO org.springframework.boot.autoconfigure.web.servlet.WelcomePageHandlerMapping [restartedMain] Adding welcome page: class path resource [static/index.html]
2021-09-13 14:24:34,662 INFO org.springframework.boot.web.embedded.tomcat.TomcatWebServer [restartedMain] Tomcat started on port(s): 8484 (http) with context path ''
2021-09-13 14:24:34,665 INFO springfox.documentation.spring.web.plugins.DocumentationPluginsBootstrapper [restartedMain] Context refreshed
2021-09-13 14:24:34,666 INFO springfox.documentation.spring.web.plugins.DocumentationPluginsBootstrapper [restartedMain] Found 1 custom documentation plugin(s)
2021-09-13 14:24:34,675 INFO springfox.documentation.spring.web.scanners.ApiListingReferenceScanner [restartedMain] Scanning for api listing references
2021-09-13 14:24:34,761 INFO org.springframework.boot.StartupInfoLogger [restartedMain] Started SpringCrudApplication in 12.396 seconds (JVM running for 211656.554)
2021-09-13 14:24:34,765 INFO org.springframework.boot.devtools.autoconfigure.ConditionEvaluationDeltaLoggingListener [restartedMain] Condition evaluation unchanged
2021-09-13 14:29:21,418 INFO org.springframework.orm.jpa.AbstractEntityManagerFactoryBean [Thread-460] Closing JPA EntityManagerFactory for persistence unit 'default'
2021-09-13 14:29:21,419 INFO com.zaxxer.hikari.HikariDataSource [Thread-460] HikariPool-93 - Shutdown initiated...
2021-09-13 14:29:21,438 INFO com.zaxxer.hikari.HikariDataSource [Thread-460] HikariPool-93 - Shutdown completed.
2021-09-13 14:29:22,238 INFO org.springframework.boot.StartupInfoLogger [restartedMain] Starting SpringCrudApplication using Java 16.0.1 on lenovoT450 with PID 21172 (C:\Users\IT Work\git\Main\target\classes started by IT Work in C:\Users\IT Work\git\Main)
2021-09-13 14:29:22,238 DEBUG org.springframework.boot.StartupInfoLogger [restartedMain] Running with Spring Boot v2.5.1, Spring v5.3.8
2021-09-13 14:29:22,238 INFO org.springframework.boot.SpringApplication [restartedMain] No active profile set, falling back to default profiles: default
2021-09-13 14:29:24,723 INFO org.springframework.data.repository.config.RepositoryConfigurationDelegate [restartedMain] Bootstrapping Spring Data JPA repositories in DEFAULT mode.
2021-09-13 14:29:24,832 INFO org.springframework.data.repository.config.RepositoryConfigurationDelegate [restartedMain] Finished Spring Data repository scanning in 93 ms. Found 5 JPA repository interfaces.
2021-09-13 14:29:25,083 INFO org.springframework.context.support.PostProcessorRegistrationDelegate$BeanPostProcessorChecker [restartedMain] Bean 'org.springframework.security.access.expression.method.DefaultMethodSecurityExpressionHandler@241c396f' of type [org.springframework.security.access.expression.method.DefaultMethodSecurityExpressionHandler] is not eligible for getting processed by all BeanPostProcessors (for example: not eligible for auto-proxying)
2021-09-13 14:29:25,085 INFO org.springframework.context.support.PostProcessorRegistrationDelegate$BeanPostProcessorChecker [restartedMain] Bean 'methodSecurityMetadataSource' of type [org.springframework.security.access.method.DelegatingMethodSecurityMetadataSource] is not eligible for getting processed by all BeanPostProcessors (for example: not eligible for auto-proxying)
2021-09-13 14:29:25,259 INFO org.springframework.boot.web.embedded.tomcat.TomcatWebServer [restartedMain] Tomcat initialized with port(s): 8484 (http)
2021-09-13 14:29:25,259 INFO org.apache.juli.logging.DirectJDKLog [restartedMain] Starting service [Tomcat]
2021-09-13 14:29:25,259 INFO org.apache.juli.logging.DirectJDKLog [restartedMain] Starting Servlet engine: [Apache Tomcat/9.0.46]
2021-09-13 14:29:25,462 INFO org.apache.juli.logging.DirectJDKLog [restartedMain] At least one JAR was scanned for TLDs yet contained no TLDs. Enable debug logging for this logger for a complete list of JARs that were scanned but no TLDs were found in them. Skipping unneeded JARs during scanning can improve startup time and JSP compilation time.
2021-09-13 14:29:25,477 INFO org.apache.juli.logging.DirectJDKLog [restartedMain] Initializing Spring embedded WebApplicationContext
2021-09-13 14:29:25,477 INFO org.springframework.boot.web.servlet.context.ServletWebServerApplicationContext [restartedMain] Root WebApplicationContext: initialization completed in 3224 ms
2021-09-13 14:29:25,493 INFO com.zaxxer.hikari.HikariDataSource [restartedMain] HikariPool-94 - Starting...
2021-09-13 14:29:25,893 INFO com.zaxxer.hikari.HikariDataSource [restartedMain] HikariPool-94 - Start completed.
2021-09-13 14:29:25,893 INFO org.springframework.boot.autoconfigure.h2.H2ConsoleAutoConfiguration [restartedMain] H2 console available at '/h2-console'. Database available at 'jdbc:mysql://localhost:3306/grocery_store'
2021-09-13 14:29:26,112 INFO org.hibernate.jpa.internal.util.LogHelper [restartedMain] HHH000204: Processing PersistenceUnitInfo [name: default]
2021-09-13 14:29:26,127 INFO org.hibernate.dialect.Dialect [restartedMain] HHH000400: Using dialect: org.hibernate.dialect.MySQL8Dialect
2021-09-13 14:29:26,683 INFO org.hibernate.engine.transaction.jta.platform.internal.JtaPlatformInitiator [restartedMain] HHH000490: Using JtaPlatform implementation: [org.hibernate.engine.transaction.jta.platform.internal.NoJtaPlatform]
2021-09-13 14:29:26,683 INFO org.springframework.orm.jpa.AbstractEntityManagerFactoryBean [restartedMain] Initialized JPA EntityManagerFactory for persistence unit 'default'
2021-09-13 14:29:26,813 WARN org.springframework.boot.autoconfigure.orm.jpa.JpaBaseConfiguration$JpaWebConfiguration [restartedMain] spring.jpa.open-in-view is enabled by default. Therefore, database queries may be performed during view rendering. Explicitly configure spring.jpa.open-in-view to disable this warning
2021-09-13 14:29:26,849 DEBUG org.springframework.web.filter.GenericFilterBean [restartedMain] Filter 'jwtRequestFilter' configured for use
2021-09-13 14:29:27,319 INFO org.springframework.security.web.DefaultSecurityFilterChain [restartedMain] Will secure any request with [org.springframework.security.web.context.request.async.WebAsyncManagerIntegrationFilter@4529ff05, org.springframework.security.web.context.SecurityContextPersistenceFilter@680b567f, org.springframework.security.web.header.HeaderWriterFilter@c671f1e, org.springframework.security.web.authentication.logout.LogoutFilter@6fad1aeb, com.colin.security.JwtRequestFilter@2b76683, org.springframework.security.web.savedrequest.RequestCacheAwareFilter@d8229c4, org.springframework.security.web.servletapi.SecurityContextHolderAwareRequestFilter@39295885, org.springframework.security.web.authentication.AnonymousAuthenticationFilter@edd8bb2, org.springframework.security.web.session.SessionManagementFilter@36fa520c, org.springframework.security.web.access.ExceptionTranslationFilter@81dbe24, org.springframework.security.web.access.intercept.FilterSecurityInterceptor@b56e3a0]
2021-09-13 14:29:27,366 INFO org.springframework.boot.devtools.autoconfigure.OptionalLiveReloadServer [restartedMain] LiveReload server is running on port 35729
2021-09-13 14:29:27,382 INFO org.springframework.boot.autoconfigure.web.servlet.WelcomePageHandlerMapping [restartedMain] Adding welcome page: class path resource [static/index.html]
2021-09-13 14:29:27,460 INFO org.springframework.boot.web.embedded.tomcat.TomcatWebServer [restartedMain] Tomcat started on port(s): 8484 (http) with context path ''
2021-09-13 14:29:27,460 INFO springfox.documentation.spring.web.plugins.DocumentationPluginsBootstrapper [restartedMain] Context refreshed
2021-09-13 14:29:27,460 INFO springfox.documentation.spring.web.plugins.DocumentationPluginsBootstrapper [restartedMain] Found 1 custom documentation plugin(s)
2021-09-13 14:29:27,460 INFO springfox.documentation.spring.web.scanners.ApiListingReferenceScanner [restartedMain] Scanning for api listing references
2021-09-13 14:29:27,507 INFO org.springframework.boot.StartupInfoLogger [restartedMain] Started SpringCrudApplication in 5.383 seconds (JVM running for 211949.302)
2021-09-13 14:29:27,507 INFO org.springframework.boot.devtools.autoconfigure.ConditionEvaluationDeltaLoggingListener [restartedMain] Condition evaluation unchanged
2021-09-13 14:34:28,166 INFO org.springframework.orm.jpa.AbstractEntityManagerFactoryBean [Thread-465] Closing JPA EntityManagerFactory for persistence unit 'default'
2021-09-13 14:34:28,166 INFO com.zaxxer.hikari.HikariDataSource [Thread-465] HikariPool-94 - Shutdown initiated...
2021-09-13 14:34:28,166 INFO com.zaxxer.hikari.HikariDataSource [Thread-465] HikariPool-94 - Shutdown completed.
2021-09-13 14:34:28,994 INFO org.springframework.boot.StartupInfoLogger [restartedMain] Starting SpringCrudApplication using Java 16.0.1 on lenovoT450 with PID 21172 (C:\Users\IT Work\git\Main\target\classes started by IT Work in C:\Users\IT Work\git\Main)
2021-09-13 14:34:28,994 DEBUG org.springframework.boot.StartupInfoLogger [restartedMain] Running with Spring Boot v2.5.1, Spring v5.3.8
2021-09-13 14:34:28,994 INFO org.springframework.boot.SpringApplication [restartedMain] No active profile set, falling back to default profiles: default
2021-09-13 14:34:32,429 INFO org.springframework.data.repository.config.RepositoryConfigurationDelegate [restartedMain] Bootstrapping Spring Data JPA repositories in DEFAULT mode.
2021-09-13 14:34:32,476 INFO org.springframework.data.repository.config.RepositoryConfigurationDelegate [restartedMain] Finished Spring Data repository scanning in 50 ms. Found 5 JPA repository interfaces.
2021-09-13 14:34:33,590 INFO org.springframework.context.support.PostProcessorRegistrationDelegate$BeanPostProcessorChecker [restartedMain] Bean 'org.springframework.security.access.expression.method.DefaultMethodSecurityExpressionHandler@19632587' of type [org.springframework.security.access.expression.method.DefaultMethodSecurityExpressionHandler] is not eligible for getting processed by all BeanPostProcessors (for example: not eligible for auto-proxying)
2021-09-13 14:34:33,606 INFO org.springframework.context.support.PostProcessorRegistrationDelegate$BeanPostProcessorChecker [restartedMain] Bean 'methodSecurityMetadataSource' of type [org.springframework.security.access.method.DelegatingMethodSecurityMetadataSource] is not eligible for getting processed by all BeanPostProcessors (for example: not eligible for auto-proxying)
2021-09-13 14:34:34,024 INFO org.springframework.boot.web.embedded.tomcat.TomcatWebServer [restartedMain] Tomcat initialized with port(s): 8484 (http)
2021-09-13 14:34:34,025 INFO org.apache.juli.logging.DirectJDKLog [restartedMain] Starting service [Tomcat]
2021-09-13 14:34:34,026 INFO org.apache.juli.logging.DirectJDKLog [restartedMain] Starting Servlet engine: [Apache Tomcat/9.0.46]
2021-09-13 14:34:34,418 INFO org.apache.juli.logging.DirectJDKLog [restartedMain] At least one JAR was scanned for TLDs yet contained no TLDs. Enable debug logging for this logger for a complete list of JARs that were scanned but no TLDs were found in them. Skipping unneeded JARs during scanning can improve startup time and JSP compilation time.
2021-09-13 14:34:34,418 INFO org.apache.juli.logging.DirectJDKLog [restartedMain] Initializing Spring embedded WebApplicationContext
2021-09-13 14:34:34,418 INFO org.springframework.boot.web.servlet.context.ServletWebServerApplicationContext [restartedMain] Root WebApplicationContext: initialization completed in 5424 ms
2021-09-13 14:34:34,434 INFO com.zaxxer.hikari.HikariDataSource [restartedMain] HikariPool-95 - Starting...
2021-09-13 14:34:34,450 INFO com.zaxxer.hikari.HikariDataSource [restartedMain] HikariPool-95 - Start completed.
2021-09-13 14:34:34,450 INFO org.springframework.boot.autoconfigure.h2.H2ConsoleAutoConfiguration [restartedMain] H2 console available at '/h2-console'. Database available at 'jdbc:mysql://localhost:3306/grocery_store'
2021-09-13 14:34:34,497 INFO org.hibernate.jpa.internal.util.LogHelper [restartedMain] HHH000204: Processing PersistenceUnitInfo [name: default]
2021-09-13 14:34:34,512 INFO org.hibernate.dialect.Dialect [restartedMain] HHH000400: Using dialect: org.hibernate.dialect.MySQL8Dialect
2021-09-13 14:34:35,648 INFO org.hibernate.engine.transaction.jta.platform.internal.JtaPlatformInitiator [restartedMain] HHH000490: Using JtaPlatform implementation: [org.hibernate.engine.transaction.jta.platform.internal.NoJtaPlatform]
2021-09-13 14:34:35,648 INFO org.springframework.orm.jpa.AbstractEntityManagerFactoryBean [restartedMain] Initialized JPA EntityManagerFactory for persistence unit 'default'
2021-09-13 14:34:36,045 WARN org.springframework.boot.autoconfigure.orm.jpa.JpaBaseConfiguration$JpaWebConfiguration [restartedMain] spring.jpa.open-in-view is enabled by default. Therefore, database queries may be performed during view rendering. Explicitly configure spring.jpa.open-in-view to disable this warning
2021-09-13 14:34:36,201 DEBUG org.springframework.web.filter.GenericFilterBean [restartedMain] Filter 'jwtRequestFilter' configured for use
2021-09-13 14:34:36,670 INFO org.springframework.security.web.DefaultSecurityFilterChain [restartedMain] Will secure any request with [org.springframework.security.web.context.request.async.WebAsyncManagerIntegrationFilter@3b35366e, org.springframework.security.web.context.SecurityContextPersistenceFilter@1b496844, org.springframework.security.web.header.HeaderWriterFilter@2622a36b, org.springframework.security.web.authentication.logout.LogoutFilter@3918df40, com.colin.security.JwtRequestFilter@48785681, org.springframework.security.web.savedrequest.RequestCacheAwareFilter@2d2ae6e7, org.springframework.security.web.servletapi.SecurityContextHolderAwareRequestFilter@1e2021d2, org.springframework.security.web.authentication.AnonymousAuthenticationFilter@5bd89b0c, org.springframework.security.web.session.SessionManagementFilter@76e1f45, org.springframework.security.web.access.ExceptionTranslationFilter@1c154812, org.springframework.security.web.access.intercept.FilterSecurityInterceptor@533ad1f4]
2021-09-13 14:34:36,732 INFO org.springframework.boot.devtools.autoconfigure.OptionalLiveReloadServer [restartedMain] LiveReload server is running on port 35729
2021-09-13 14:34:36,732 INFO org.springframework.boot.autoconfigure.web.servlet.WelcomePageHandlerMapping [restartedMain] Adding welcome page: class path resource [static/index.html]
2021-09-13 14:34:37,108 INFO org.springframework.boot.web.embedded.tomcat.TomcatWebServer [restartedMain] Tomcat started on port(s): 8484 (http) with context path ''
2021-09-13 14:34:37,111 INFO springfox.documentation.spring.web.plugins.DocumentationPluginsBootstrapper [restartedMain] Context refreshed
2021-09-13 14:34:37,112 INFO springfox.documentation.spring.web.plugins.DocumentationPluginsBootstrapper [restartedMain] Found 1 custom documentation plugin(s)
2021-09-13 14:34:37,114 INFO springfox.documentation.spring.web.scanners.ApiListingReferenceScanner [restartedMain] Scanning for api listing references
2021-09-13 14:34:37,143 INFO org.springframework.boot.StartupInfoLogger [restartedMain] Started SpringCrudApplication in 8.366 seconds (JVM running for 212258.935)
2021-09-13 14:34:37,144 INFO org.springframework.boot.devtools.autoconfigure.ConditionEvaluationDeltaLoggingListener [restartedMain] Condition evaluation unchanged
2021-09-13 14:39:31,119 INFO org.springframework.orm.jpa.AbstractEntityManagerFactoryBean [Thread-470] Closing JPA EntityManagerFactory for persistence unit 'default'
2021-09-13 14:39:31,120 INFO com.zaxxer.hikari.HikariDataSource [Thread-470] HikariPool-95 - Shutdown initiated...
2021-09-13 14:39:31,134 INFO com.zaxxer.hikari.HikariDataSource [Thread-470] HikariPool-95 - Shutdown completed.
2021-09-13 14:39:31,657 INFO org.springframework.boot.StartupInfoLogger [restartedMain] Starting SpringCrudApplication using Java 16.0.1 on lenovoT450 with PID 21172 (C:\Users\IT Work\git\Main\target\classes started by IT Work in C:\Users\IT Work\git\Main)
2021-09-13 14:39:31,657 DEBUG org.springframework.boot.StartupInfoLogger [restartedMain] Running with Spring Boot v2.5.1, Spring v5.3.8
2021-09-13 14:39:31,657 INFO org.springframework.boot.SpringApplication [restartedMain] No active profile set, falling back to default profiles: default
2021-09-13 14:39:33,059 INFO org.springframework.data.repository.config.RepositoryConfigurationDelegate [restartedMain] Bootstrapping Spring Data JPA repositories in DEFAULT mode.
2021-09-13 14:39:33,642 INFO org.springframework.data.repository.config.RepositoryConfigurationDelegate [restartedMain] Finished Spring Data repository scanning in 581 ms. Found 5 JPA repository interfaces.
2021-09-13 14:39:33,926 INFO org.springframework.context.support.PostProcessorRegistrationDelegate$BeanPostProcessorChecker [restartedMain] Bean 'org.springframework.security.access.expression.method.DefaultMethodSecurityExpressionHandler@437d6ec' of type [org.springframework.security.access.expression.method.DefaultMethodSecurityExpressionHandler] is not eligible for getting processed by all BeanPostProcessors (for example: not eligible for auto-proxying)
2021-09-13 14:39:33,928 INFO org.springframework.context.support.PostProcessorRegistrationDelegate$BeanPostProcessorChecker [restartedMain] Bean 'methodSecurityMetadataSource' of type [org.springframework.security.access.method.DelegatingMethodSecurityMetadataSource] is not eligible for getting processed by all BeanPostProcessors (for example: not eligible for auto-proxying)
2021-09-13 14:39:34,249 INFO org.springframework.boot.web.embedded.tomcat.TomcatWebServer [restartedMain] Tomcat initialized with port(s): 8484 (http)
2021-09-13 14:39:34,250 INFO org.apache.juli.logging.DirectJDKLog [restartedMain] Starting service [Tomcat]
2021-09-13 14:39:34,250 INFO org.apache.juli.logging.DirectJDKLog [restartedMain] Starting Servlet engine: [Apache Tomcat/9.0.46]
2021-09-13 14:39:34,852 INFO org.apache.juli.logging.DirectJDKLog [restartedMain] At least one JAR was scanned for TLDs yet contained no TLDs. Enable debug logging for this logger for a complete list of JARs that were scanned but no TLDs were found in them. Skipping unneeded JARs during scanning can improve startup time and JSP compilation time.
2021-09-13 14:39:34,854 INFO org.apache.juli.logging.DirectJDKLog [restartedMain] Initializing Spring embedded WebApplicationContext
2021-09-13 14:39:34,855 INFO org.springframework.boot.web.servlet.context.ServletWebServerApplicationContext [restartedMain] Root WebApplicationContext: initialization completed in 2871 ms
2021-09-13 14:39:35,234 INFO com.zaxxer.hikari.HikariDataSource [restartedMain] HikariPool-96 - Starting...
2021-09-13 14:39:35,357 INFO com.zaxxer.hikari.HikariDataSource [restartedMain] HikariPool-96 - Start completed.
2021-09-13 14:39:35,358 INFO org.springframework.boot.autoconfigure.h2.H2ConsoleAutoConfiguration [restartedMain] H2 console available at '/h2-console'. Database available at 'jdbc:mysql://localhost:3306/grocery_store'
2021-09-13 14:39:35,399 INFO org.hibernate.jpa.internal.util.LogHelper [restartedMain] HHH000204: Processing PersistenceUnitInfo [name: default]
2021-09-13 14:39:35,406 INFO org.hibernate.dialect.Dialect [restartedMain] HHH000400: Using dialect: org.hibernate.dialect.MySQL8Dialect
2021-09-13 14:39:35,877 INFO org.hibernate.engine.transaction.jta.platform.internal.JtaPlatformInitiator [restartedMain] HHH000490: Using JtaPlatform implementation: [org.hibernate.engine.transaction.jta.platform.internal.NoJtaPlatform]
2021-09-13 14:39:35,878 INFO org.springframework.orm.jpa.AbstractEntityManagerFactoryBean [restartedMain] Initialized JPA EntityManagerFactory for persistence unit 'default'
2021-09-13 14:39:36,634 WARN org.springframework.boot.autoconfigure.orm.jpa.JpaBaseConfiguration$JpaWebConfiguration [restartedMain] spring.jpa.open-in-view is enabled by default. Therefore, database queries may be performed during view rendering. Explicitly configure spring.jpa.open-in-view to disable this warning
2021-09-13 14:39:36,701 DEBUG org.springframework.web.filter.GenericFilterBean [restartedMain] Filter 'jwtRequestFilter' configured for use
2021-09-13 14:39:38,082 INFO org.springframework.security.web.DefaultSecurityFilterChain [restartedMain] Will secure any request with [org.springframework.security.web.context.request.async.WebAsyncManagerIntegrationFilter@66635303, org.springframework.security.web.context.SecurityContextPersistenceFilter@5157a284, org.springframework.security.web.header.HeaderWriterFilter@1e3d4990, org.springframework.security.web.authentication.logout.LogoutFilter@23932eb0, com.colin.security.JwtRequestFilter@42fe319a, org.springframework.security.web.savedrequest.RequestCacheAwareFilter@4a6663d4, org.springframework.security.web.servletapi.SecurityContextHolderAwareRequestFilter@3e63c2c1, org.springframework.security.web.authentication.AnonymousAuthenticationFilter@3b2b6033, org.springframework.security.web.session.SessionManagementFilter@758085c1, org.springframework.security.web.access.ExceptionTranslationFilter@2e66a98b, org.springframework.security.web.access.intercept.FilterSecurityInterceptor@3dd10dcb]
2021-09-13 14:39:38,331 INFO org.springframework.boot.devtools.autoconfigure.OptionalLiveReloadServer [restartedMain] LiveReload server is running on port 35729
2021-09-13 14:39:38,341 INFO org.springframework.boot.autoconfigure.web.servlet.WelcomePageHandlerMapping [restartedMain] Adding welcome page: class path resource [static/index.html]
2021-09-13 14:39:38,994 INFO org.springframework.boot.web.embedded.tomcat.TomcatWebServer [restartedMain] Tomcat started on port(s): 8484 (http) with context path ''
2021-09-13 14:39:38,997 INFO springfox.documentation.spring.web.plugins.DocumentationPluginsBootstrapper [restartedMain] Context refreshed
2021-09-13 14:39:38,997 INFO springfox.documentation.spring.web.plugins.DocumentationPluginsBootstrapper [restartedMain] Found 1 custom documentation plugin(s)
2021-09-13 14:39:38,999 INFO springfox.documentation.spring.web.scanners.ApiListingReferenceScanner [restartedMain] Scanning for api listing references
2021-09-13 14:39:39,500 INFO org.springframework.boot.StartupInfoLogger [restartedMain] Started SpringCrudApplication in 8.131 seconds (JVM running for 212561.292)
2021-09-13 14:39:39,502 INFO org.springframework.boot.devtools.autoconfigure.ConditionEvaluationDeltaLoggingListener [restartedMain] Condition evaluation unchanged
2021-09-13 14:44:32,654 INFO org.springframework.orm.jpa.AbstractEntityManagerFactoryBean [Thread-475] Closing JPA EntityManagerFactory for persistence unit 'default'
2021-09-13 14:44:32,656 INFO com.zaxxer.hikari.HikariDataSource [Thread-475] HikariPool-96 - Shutdown initiated...
2021-09-13 14:44:32,659 INFO com.zaxxer.hikari.HikariDataSource [Thread-475] HikariPool-96 - Shutdown completed.
2021-09-13 14:44:32,865 INFO org.springframework.boot.StartupInfoLogger [restartedMain] Starting SpringCrudApplication using Java 16.0.1 on lenovoT450 with PID 21172 (C:\Users\IT Work\git\Main\target\classes started by IT Work in C:\Users\IT Work\git\Main)
2021-09-13 14:44:32,866 DEBUG org.springframework.boot.StartupInfoLogger [restartedMain] Running with Spring Boot v2.5.1, Spring v5.3.8
2021-09-13 14:44:32,866 INFO org.springframework.boot.SpringApplication [restartedMain] No active profile set, falling back to default profiles: default
2021-09-13 14:44:33,547 INFO org.springframework.data.repository.config.RepositoryConfigurationDelegate [restartedMain] Bootstrapping Spring Data JPA repositories in DEFAULT mode.
2021-09-13 14:44:33,758 INFO org.springframework.data.repository.config.RepositoryConfigurationDelegate [restartedMain] Finished Spring Data repository scanning in 210 ms. Found 5 JPA repository interfaces.
2021-09-13 14:44:34,099 INFO org.springframework.context.support.PostProcessorRegistrationDelegate$BeanPostProcessorChecker [restartedMain] Bean 'org.springframework.security.access.expression.method.DefaultMethodSecurityExpressionHandler@63f1d9ce' of type [org.springframework.security.access.expression.method.DefaultMethodSecurityExpressionHandler] is not eligible for getting processed by all BeanPostProcessors (for example: not eligible for auto-proxying)
2021-09-13 14:44:34,101 INFO org.springframework.context.support.PostProcessorRegistrationDelegate$BeanPostProcessorChecker [restartedMain] Bean 'methodSecurityMetadataSource' of type [org.springframework.security.access.method.DelegatingMethodSecurityMetadataSource] is not eligible for getting processed by all BeanPostProcessors (for example: not eligible for auto-proxying)
2021-09-13 14:44:34,407 INFO org.springframework.boot.web.embedded.tomcat.TomcatWebServer [restartedMain] Tomcat initialized with port(s): 8484 (http)
2021-09-13 14:44:34,408 INFO org.apache.juli.logging.DirectJDKLog [restartedMain] Starting service [Tomcat]
2021-09-13 14:44:34,408 INFO org.apache.juli.logging.DirectJDKLog [restartedMain] Starting Servlet engine: [Apache Tomcat/9.0.46]
2021-09-13 14:44:34,521 INFO org.apache.juli.logging.DirectJDKLog [restartedMain] At least one JAR was scanned for TLDs yet contained no TLDs. Enable debug logging for this logger for a complete list of JARs that were scanned but no TLDs were found in them. Skipping unneeded JARs during scanning can improve startup time and JSP compilation time.
2021-09-13 14:44:34,525 INFO org.apache.juli.logging.DirectJDKLog [restartedMain] Initializing Spring embedded WebApplicationContext
2021-09-13 14:44:34,526 INFO org.springframework.boot.web.servlet.context.ServletWebServerApplicationContext [restartedMain] Root WebApplicationContext: initialization completed in 1629 ms
2021-09-13 14:44:34,547 INFO com.zaxxer.hikari.HikariDataSource [restartedMain] HikariPool-97 - Starting...
2021-09-13 14:44:34,574 INFO com.zaxxer.hikari.HikariDataSource [restartedMain] HikariPool-97 - Start completed.
2021-09-13 14:44:34,575 INFO org.springframework.boot.autoconfigure.h2.H2ConsoleAutoConfiguration [restartedMain] H2 console available at '/h2-console'. Database available at 'jdbc:mysql://localhost:3306/grocery_store'
2021-09-13 14:44:34,623 INFO org.hibernate.jpa.internal.util.LogHelper [restartedMain] HHH000204: Processing PersistenceUnitInfo [name: default]
2021-09-13 14:44:34,632 INFO org.hibernate.dialect.Dialect [restartedMain] HHH000400: Using dialect: org.hibernate.dialect.MySQL8Dialect
2021-09-13 14:44:35,102 INFO org.hibernate.engine.transaction.jta.platform.internal.JtaPlatformInitiator [restartedMain] HHH000490: Using JtaPlatform implementation: [org.hibernate.engine.transaction.jta.platform.internal.NoJtaPlatform]
2021-09-13 14:44:35,102 INFO org.springframework.orm.jpa.AbstractEntityManagerFactoryBean [restartedMain] Initialized JPA EntityManagerFactory for persistence unit 'default'
2021-09-13 14:44:35,522 WARN org.springframework.boot.autoconfigure.orm.jpa.JpaBaseConfiguration$JpaWebConfiguration [restartedMain] spring.jpa.open-in-view is enabled by default. Therefore, database queries may be performed during view rendering. Explicitly configure spring.jpa.open-in-view to disable this warning
2021-09-13 14:44:35,671 DEBUG org.springframework.web.filter.GenericFilterBean [restartedMain] Filter 'jwtRequestFilter' configured for use
2021-09-13 14:44:36,146 INFO org.springframework.security.web.DefaultSecurityFilterChain [restartedMain] Will secure any request with [org.springframework.security.web.context.request.async.WebAsyncManagerIntegrationFilter@35d281c9, org.springframework.security.web.context.SecurityContextPersistenceFilter@3dff8c37, org.springframework.security.web.header.HeaderWriterFilter@ad2f223, org.springframework.security.web.authentication.logout.LogoutFilter@5bec8c26, com.colin.security.JwtRequestFilter@352c05d7, org.springframework.security.web.savedrequest.RequestCacheAwareFilter@2dfc9aef, org.springframework.security.web.servletapi.SecurityContextHolderAwareRequestFilter@30a22699, org.springframework.security.web.authentication.AnonymousAuthenticationFilter@44ca2e9b, org.springframework.security.web.session.SessionManagementFilter@63493e50, org.springframework.security.web.access.ExceptionTranslationFilter@15c0ba75, org.springframework.security.web.access.intercept.FilterSecurityInterceptor@3bccdd66]
2021-09-13 14:44:36,217 INFO org.springframework.boot.devtools.autoconfigure.OptionalLiveReloadServer [restartedMain] LiveReload server is running on port 35729
2021-09-13 14:44:36,225 INFO org.springframework.boot.autoconfigure.web.servlet.WelcomePageHandlerMapping [restartedMain] Adding welcome page: class path resource [static/index.html]
2021-09-13 14:44:36,647 INFO org.springframework.boot.web.embedded.tomcat.TomcatWebServer [restartedMain] Tomcat started on port(s): 8484 (http) with context path ''
2021-09-13 14:44:36,651 INFO springfox.documentation.spring.web.plugins.DocumentationPluginsBootstrapper [restartedMain] Context refreshed
2021-09-13 14:44:36,652 INFO springfox.documentation.spring.web.plugins.DocumentationPluginsBootstrapper [restartedMain] Found 1 custom documentation plugin(s)
2021-09-13 14:44:36,654 INFO springfox.documentation.spring.web.scanners.ApiListingReferenceScanner [restartedMain] Scanning for api listing references
2021-09-13 14:44:36,807 INFO org.springframework.boot.StartupInfoLogger [restartedMain] Started SpringCrudApplication in 3.993 seconds (JVM running for 212858.6)
2021-09-13 14:44:36,809 INFO org.springframework.boot.devtools.autoconfigure.ConditionEvaluationDeltaLoggingListener [restartedMain] Condition evaluation unchanged
2021-09-13 14:49:33,106 INFO org.springframework.orm.jpa.AbstractEntityManagerFactoryBean [Thread-480] Closing JPA EntityManagerFactory for persistence unit 'default'
2021-09-13 14:49:33,107 INFO com.zaxxer.hikari.HikariDataSource [Thread-480] HikariPool-97 - Shutdown initiated...
2021-09-13 14:49:33,112 INFO com.zaxxer.hikari.HikariDataSource [Thread-480] HikariPool-97 - Shutdown completed.
2021-09-13 14:49:33,350 INFO org.springframework.boot.StartupInfoLogger [restartedMain] Starting SpringCrudApplication using Java 16.0.1 on lenovoT450 with PID 21172 (C:\Users\IT Work\git\Main\target\classes started by IT Work in C:\Users\IT Work\git\Main)
2021-09-13 14:49:33,351 DEBUG org.springframework.boot.StartupInfoLogger [restartedMain] Running with Spring Boot v2.5.1, Spring v5.3.8
2021-09-13 14:49:33,351 INFO org.springframework.boot.SpringApplication [restartedMain] No active profile set, falling back to default profiles: default
2021-09-13 14:49:35,048 INFO org.springframework.data.repository.config.RepositoryConfigurationDelegate [restartedMain] Bootstrapping Spring Data JPA repositories in DEFAULT mode.
2021-09-13 14:49:35,101 INFO org.springframework.data.repository.config.RepositoryConfigurationDelegate [restartedMain] Finished Spring Data repository scanning in 51 ms. Found 5 JPA repository interfaces.
2021-09-13 14:49:35,475 INFO org.springframework.context.support.PostProcessorRegistrationDelegate$BeanPostProcessorChecker [restartedMain] Bean 'org.springframework.security.access.expression.method.DefaultMethodSecurityExpressionHandler@27aad2e5' of type [org.springframework.security.access.expression.method.DefaultMethodSecurityExpressionHandler] is not eligible for getting processed by all BeanPostProcessors (for example: not eligible for auto-proxying)
2021-09-13 14:49:35,477 INFO org.springframework.context.support.PostProcessorRegistrationDelegate$BeanPostProcessorChecker [restartedMain] Bean 'methodSecurityMetadataSource' of type [org.springframework.security.access.method.DelegatingMethodSecurityMetadataSource] is not eligible for getting processed by all BeanPostProcessors (for example: not eligible for auto-proxying)
2021-09-13 14:49:35,576 INFO org.springframework.boot.web.embedded.tomcat.TomcatWebServer [restartedMain] Tomcat initialized with port(s): 8484 (http)
2021-09-13 14:49:35,577 INFO org.apache.juli.logging.DirectJDKLog [restartedMain] Starting service [Tomcat]
2021-09-13 14:49:35,577 INFO org.apache.juli.logging.DirectJDKLog [restartedMain] Starting Servlet engine: [Apache Tomcat/9.0.46]
2021-09-13 14:49:35,770 INFO org.apache.juli.logging.DirectJDKLog [restartedMain] At least one JAR was scanned for TLDs yet contained no TLDs. Enable debug logging for this logger for a complete list of JARs that were scanned but no TLDs were found in them. Skipping unneeded JARs during scanning can improve startup time and JSP compilation time.
2021-09-13 14:49:35,773 INFO org.apache.juli.logging.DirectJDKLog [restartedMain] Initializing Spring embedded WebApplicationContext
2021-09-13 14:49:35,773 INFO org.springframework.boot.web.servlet.context.ServletWebServerApplicationContext [restartedMain] Root WebApplicationContext: initialization completed in 2359 ms
2021-09-13 14:49:35,782 INFO com.zaxxer.hikari.HikariDataSource [restartedMain] HikariPool-98 - Starting...
2021-09-13 14:49:35,802 INFO com.zaxxer.hikari.HikariDataSource [restartedMain] HikariPool-98 - Start completed.
2021-09-13 14:49:35,802 INFO org.springframework.boot.autoconfigure.h2.H2ConsoleAutoConfiguration [restartedMain] H2 console available at '/h2-console'. Database available at 'jdbc:mysql://localhost:3306/grocery_store'
2021-09-13 14:49:35,849 INFO org.hibernate.jpa.internal.util.LogHelper [restartedMain] HHH000204: Processing PersistenceUnitInfo [name: default]
2021-09-13 14:49:35,856 INFO org.hibernate.dialect.Dialect [restartedMain] HHH000400: Using dialect: org.hibernate.dialect.MySQL8Dialect
2021-09-13 14:49:36,366 INFO org.hibernate.engine.transaction.jta.platform.internal.JtaPlatformInitiator [restartedMain] HHH000490: Using JtaPlatform implementation: [org.hibernate.engine.transaction.jta.platform.internal.NoJtaPlatform]
2021-09-13 14:49:36,367 INFO org.springframework.orm.jpa.AbstractEntityManagerFactoryBean [restartedMain] Initialized JPA EntityManagerFactory for persistence unit 'default'
2021-09-13 14:49:36,498 WARN org.springframework.boot.autoconfigure.orm.jpa.JpaBaseConfiguration$JpaWebConfiguration [restartedMain] spring.jpa.open-in-view is enabled by default. Therefore, database queries may be performed during view rendering. Explicitly configure spring.jpa.open-in-view to disable this warning
2021-09-13 14:49:36,571 DEBUG org.springframework.web.filter.GenericFilterBean [restartedMain] Filter 'jwtRequestFilter' configured for use
2021-09-13 14:49:37,235 INFO org.springframework.security.web.DefaultSecurityFilterChain [restartedMain] Will secure any request with [org.springframework.security.web.context.request.async.WebAsyncManagerIntegrationFilter@3d90887e, org.springframework.security.web.context.SecurityContextPersistenceFilter@1f86d63, org.springframework.security.web.header.HeaderWriterFilter@22b4b83, org.springframework.security.web.authentication.logout.LogoutFilter@18eb1d31, com.colin.security.JwtRequestFilter@34abbbd1, org.springframework.security.web.savedrequest.RequestCacheAwareFilter@27749823, org.springframework.security.web.servletapi.SecurityContextHolderAwareRequestFilter@7fdba81d, org.springframework.security.web.authentication.AnonymousAuthenticationFilter@5e76d410, org.springframework.security.web.session.SessionManagementFilter@441c3b15, org.springframework.security.web.access.ExceptionTranslationFilter@38d3cf30, org.springframework.security.web.access.intercept.FilterSecurityInterceptor@4c198ed5]
2021-09-13 14:49:37,286 INFO org.springframework.boot.devtools.autoconfigure.OptionalLiveReloadServer [restartedMain] LiveReload server is running on port 35729
2021-09-13 14:49:37,295 INFO org.springframework.boot.autoconfigure.web.servlet.WelcomePageHandlerMapping [restartedMain] Adding welcome page: class path resource [static/index.html]
2021-09-13 14:49:37,389 INFO org.springframework.boot.web.embedded.tomcat.TomcatWebServer [restartedMain] Tomcat started on port(s): 8484 (http) with context path ''
2021-09-13 14:49:37,392 INFO springfox.documentation.spring.web.plugins.DocumentationPluginsBootstrapper [restartedMain] Context refreshed
2021-09-13 14:49:37,393 INFO springfox.documentation.spring.web.plugins.DocumentationPluginsBootstrapper [restartedMain] Found 1 custom documentation plugin(s)
2021-09-13 14:49:37,394 INFO springfox.documentation.spring.web.scanners.ApiListingReferenceScanner [restartedMain] Scanning for api listing references
2021-09-13 14:49:37,454 INFO org.springframework.boot.StartupInfoLogger [restartedMain] Started SpringCrudApplication in 4.159 seconds (JVM running for 213159.251)
2021-09-13 14:49:37,454 INFO org.springframework.boot.devtools.autoconfigure.ConditionEvaluationDeltaLoggingListener [restartedMain] Condition evaluation unchanged
2021-09-13 14:54:36,425 INFO org.springframework.orm.jpa.AbstractEntityManagerFactoryBean [Thread-485] Closing JPA EntityManagerFactory for persistence unit 'default'
2021-09-13 14:54:36,428 INFO com.zaxxer.hikari.HikariDataSource [Thread-485] HikariPool-98 - Shutdown initiated...
2021-09-13 14:54:36,438 INFO com.zaxxer.hikari.HikariDataSource [Thread-485] HikariPool-98 - Shutdown completed.
2021-09-13 14:54:36,873 INFO org.springframework.boot.StartupInfoLogger [restartedMain] Starting SpringCrudApplication using Java 16.0.1 on lenovoT450 with PID 21172 (C:\Users\IT Work\git\Main\target\classes started by IT Work in C:\Users\IT Work\git\Main)
2021-09-13 14:54:36,874 DEBUG org.springframework.boot.StartupInfoLogger [restartedMain] Running with Spring Boot v2.5.1, Spring v5.3.8
2021-09-13 14:54:36,874 INFO org.springframework.boot.SpringApplication [restartedMain] No active profile set, falling back to default profiles: default
2021-09-13 14:54:38,266 INFO org.springframework.data.repository.config.RepositoryConfigurationDelegate [restartedMain] Bootstrapping Spring Data JPA repositories in DEFAULT mode.
2021-09-13 14:54:38,665 INFO org.springframework.data.repository.config.RepositoryConfigurationDelegate [restartedMain] Finished Spring Data repository scanning in 398 ms. Found 5 JPA repository interfaces.
2021-09-13 14:54:38,807 INFO org.springframework.context.support.PostProcessorRegistrationDelegate$BeanPostProcessorChecker [restartedMain] Bean 'org.springframework.security.access.expression.method.DefaultMethodSecurityExpressionHandler@1b989e2e' of type [org.springframework.security.access.expression.method.DefaultMethodSecurityExpressionHandler] is not eligible for getting processed by all BeanPostProcessors (for example: not eligible for auto-proxying)
2021-09-13 14:54:38,809 INFO org.springframework.context.support.PostProcessorRegistrationDelegate$BeanPostProcessorChecker [restartedMain] Bean 'methodSecurityMetadataSource' of type [org.springframework.security.access.method.DelegatingMethodSecurityMetadataSource] is not eligible for getting processed by all BeanPostProcessors (for example: not eligible for auto-proxying)
2021-09-13 14:54:38,996 INFO org.springframework.boot.web.embedded.tomcat.TomcatWebServer [restartedMain] Tomcat initialized with port(s): 8484 (http)
2021-09-13 14:54:38,998 INFO org.apache.juli.logging.DirectJDKLog [restartedMain] Starting service [Tomcat]
2021-09-13 14:54:38,998 INFO org.apache.juli.logging.DirectJDKLog [restartedMain] Starting Servlet engine: [Apache Tomcat/9.0.46]
2021-09-13 14:54:39,244 INFO org.apache.juli.logging.DirectJDKLog [restartedMain] At least one JAR was scanned for TLDs yet contained no TLDs. Enable debug logging for this logger for a complete list of JARs that were scanned but no TLDs were found in them. Skipping unneeded JARs during scanning can improve startup time and JSP compilation time.
2021-09-13 14:54:39,253 INFO org.apache.juli.logging.DirectJDKLog [restartedMain] Initializing Spring embedded WebApplicationContext
2021-09-13 14:54:39,253 INFO org.springframework.boot.web.servlet.context.ServletWebServerApplicationContext [restartedMain] Root WebApplicationContext: initialization completed in 2376 ms
2021-09-13 14:54:39,271 INFO com.zaxxer.hikari.HikariDataSource [restartedMain] HikariPool-99 - Starting...
2021-09-13 14:54:39,427 INFO com.zaxxer.hikari.HikariDataSource [restartedMain] HikariPool-99 - Start completed.
2021-09-13 14:54:39,428 INFO org.springframework.boot.autoconfigure.h2.H2ConsoleAutoConfiguration [restartedMain] H2 console available at '/h2-console'. Database available at 'jdbc:mysql://localhost:3306/grocery_store'
2021-09-13 14:54:39,503 INFO org.hibernate.jpa.internal.util.LogHelper [restartedMain] HHH000204: Processing PersistenceUnitInfo [name: default]
2021-09-13 14:54:39,533 INFO org.hibernate.dialect.Dialect [restartedMain] HHH000400: Using dialect: org.hibernate.dialect.MySQL8Dialect
2021-09-13 14:54:41,166 INFO org.hibernate.engine.transaction.jta.platform.internal.JtaPlatformInitiator [restartedMain] HHH000490: Using JtaPlatform implementation: [org.hibernate.engine.transaction.jta.platform.internal.NoJtaPlatform]
2021-09-13 14:54:41,166 INFO org.springframework.orm.jpa.AbstractEntityManagerFactoryBean [restartedMain] Initialized JPA EntityManagerFactory for persistence unit 'default'
2021-09-13 14:54:41,973 WARN org.springframework.boot.autoconfigure.orm.jpa.JpaBaseConfiguration$JpaWebConfiguration [restartedMain] spring.jpa.open-in-view is enabled by default. Therefore, database queries may be performed during view rendering. Explicitly configure spring.jpa.open-in-view to disable this warning
2021-09-13 14:54:42,090 DEBUG org.springframework.web.filter.GenericFilterBean [restartedMain] Filter 'jwtRequestFilter' configured for use
2021-09-13 14:54:42,717 INFO org.springframework.security.web.DefaultSecurityFilterChain [restartedMain] Will secure any request with [org.springframework.security.web.context.request.async.WebAsyncManagerIntegrationFilter@b870119, org.springframework.security.web.context.SecurityContextPersistenceFilter@66502853, org.springframework.security.web.header.HeaderWriterFilter@74cff861, org.springframework.security.web.authentication.logout.LogoutFilter@dbf7239, com.colin.security.JwtRequestFilter@1e084032, org.springframework.security.web.savedrequest.RequestCacheAwareFilter@301b3136, org.springframework.security.web.servletapi.SecurityContextHolderAwareRequestFilter@3b1cdba4, org.springframework.security.web.authentication.AnonymousAuthenticationFilter@24705aea, org.springframework.security.web.session.SessionManagementFilter@7db59652, org.springframework.security.web.access.ExceptionTranslationFilter@331cb027, org.springframework.security.web.access.intercept.FilterSecurityInterceptor@7dc73dee]
2021-09-13 14:54:42,816 INFO org.springframework.boot.devtools.autoconfigure.OptionalLiveReloadServer [restartedMain] LiveReload server is running on port 35729
2021-09-13 14:54:42,865 INFO org.springframework.boot.autoconfigure.web.servlet.WelcomePageHandlerMapping [restartedMain] Adding welcome page: class path resource [static/index.html]
2021-09-13 14:54:43,064 INFO org.springframework.boot.web.embedded.tomcat.TomcatWebServer [restartedMain] Tomcat started on port(s): 8484 (http) with context path ''
2021-09-13 14:54:43,067 INFO springfox.documentation.spring.web.plugins.DocumentationPluginsBootstrapper [restartedMain] Context refreshed
2021-09-13 14:54:43,068 INFO springfox.documentation.spring.web.plugins.DocumentationPluginsBootstrapper [restartedMain] Found 1 custom documentation plugin(s)
2021-09-13 14:54:43,069 INFO springfox.documentation.spring.web.scanners.ApiListingReferenceScanner [restartedMain] Scanning for api listing references
2021-09-13 14:54:43,159 INFO org.springframework.boot.StartupInfoLogger [restartedMain] Started SpringCrudApplication in 6.39 seconds (JVM running for 213464.952)
2021-09-13 14:54:43,161 INFO org.springframework.boot.devtools.autoconfigure.ConditionEvaluationDeltaLoggingListener [restartedMain] Condition evaluation unchanged
2021-09-13 14:59:38,383 INFO org.springframework.orm.jpa.AbstractEntityManagerFactoryBean [Thread-490] Closing JPA EntityManagerFactory for persistence unit 'default'
2021-09-13 14:59:38,384 INFO com.zaxxer.hikari.HikariDataSource [Thread-490] HikariPool-99 - Shutdown initiated...
2021-09-13 14:59:38,391 INFO com.zaxxer.hikari.HikariDataSource [Thread-490] HikariPool-99 - Shutdown completed.
2021-09-13 14:59:39,033 INFO org.springframework.boot.StartupInfoLogger [restartedMain] Starting SpringCrudApplication using Java 16.0.1 on lenovoT450 with PID 21172 (C:\Users\IT Work\git\Main\target\classes started by IT Work in C:\Users\IT Work\git\Main)
2021-09-13 14:59:39,033 DEBUG org.springframework.boot.StartupInfoLogger [restartedMain] Running with Spring Boot v2.5.1, Spring v5.3.8
2021-09-13 14:59:39,033 INFO org.springframework.boot.SpringApplication [restartedMain] No active profile set, falling back to default profiles: default
2021-09-13 14:59:40,047 INFO org.springframework.data.repository.config.RepositoryConfigurationDelegate [restartedMain] Bootstrapping Spring Data JPA repositories in DEFAULT mode.
2021-09-13 14:59:40,124 INFO org.springframework.data.repository.config.RepositoryConfigurationDelegate [restartedMain] Finished Spring Data repository scanning in 75 ms. Found 5 JPA repository interfaces.
2021-09-13 14:59:40,398 INFO org.springframework.context.support.PostProcessorRegistrationDelegate$BeanPostProcessorChecker [restartedMain] Bean 'org.springframework.security.access.expression.method.DefaultMethodSecurityExpressionHandler@452a6bb7' of type [org.springframework.security.access.expression.method.DefaultMethodSecurityExpressionHandler] is not eligible for getting processed by all BeanPostProcessors (for example: not eligible for auto-proxying)
2021-09-13 14:59:40,399 INFO org.springframework.context.support.PostProcessorRegistrationDelegate$BeanPostProcessorChecker [restartedMain] Bean 'methodSecurityMetadataSource' of type [org.springframework.security.access.method.DelegatingMethodSecurityMetadataSource] is not eligible for getting processed by all BeanPostProcessors (for example: not eligible for auto-proxying)
2021-09-13 14:59:40,451 INFO org.springframework.boot.web.embedded.tomcat.TomcatWebServer [restartedMain] Tomcat initialized with port(s): 8484 (http)
2021-09-13 14:59:40,452 INFO org.apache.juli.logging.DirectJDKLog [restartedMain] Starting service [Tomcat]
2021-09-13 14:59:40,452 INFO org.apache.juli.logging.DirectJDKLog [restartedMain] Starting Servlet engine: [Apache Tomcat/9.0.46]
2021-09-13 14:59:40,538 INFO org.apache.juli.logging.DirectJDKLog [restartedMain] At least one JAR was scanned for TLDs yet contained no TLDs. Enable debug logging for this logger for a complete list of JARs that were scanned but no TLDs were found in them. Skipping unneeded JARs during scanning can improve startup time and JSP compilation time.
2021-09-13 14:59:40,543 INFO org.apache.juli.logging.DirectJDKLog [restartedMain] Initializing Spring embedded WebApplicationContext
2021-09-13 14:59:40,543 INFO org.springframework.boot.web.servlet.context.ServletWebServerApplicationContext [restartedMain] Root WebApplicationContext: initialization completed in 1507 ms
2021-09-13 14:59:40,554 INFO com.zaxxer.hikari.HikariDataSource [restartedMain] HikariPool-100 - Starting...
2021-09-13 14:59:40,580 INFO com.zaxxer.hikari.HikariDataSource [restartedMain] HikariPool-100 - Start completed.
2021-09-13 14:59:40,580 INFO org.springframework.boot.autoconfigure.h2.H2ConsoleAutoConfiguration [restartedMain] H2 console available at '/h2-console'. Database available at 'jdbc:mysql://localhost:3306/grocery_store'
2021-09-13 14:59:40,626 INFO org.hibernate.jpa.internal.util.LogHelper [restartedMain] HHH000204: Processing PersistenceUnitInfo [name: default]
2021-09-13 14:59:40,634 INFO org.hibernate.dialect.Dialect [restartedMain] HHH000400: Using dialect: org.hibernate.dialect.MySQL8Dialect
2021-09-13 14:59:41,081 INFO org.hibernate.engine.transaction.jta.platform.internal.JtaPlatformInitiator [restartedMain] HHH000490: Using JtaPlatform implementation: [org.hibernate.engine.transaction.jta.platform.internal.NoJtaPlatform]
2021-09-13 14:59:41,082 INFO org.springframework.orm.jpa.AbstractEntityManagerFactoryBean [restartedMain] Initialized JPA EntityManagerFactory for persistence unit 'default'
2021-09-13 14:59:41,403 WARN org.springframework.boot.autoconfigure.orm.jpa.JpaBaseConfiguration$JpaWebConfiguration [restartedMain] spring.jpa.open-in-view is enabled by default. Therefore, database queries may be performed during view rendering. Explicitly configure spring.jpa.open-in-view to disable this warning
2021-09-13 14:59:41,457 DEBUG org.springframework.web.filter.GenericFilterBean [restartedMain] Filter 'jwtRequestFilter' configured for use
2021-09-13 14:59:41,668 INFO org.springframework.security.web.DefaultSecurityFilterChain [restartedMain] Will secure any request with [org.springframework.security.web.context.request.async.WebAsyncManagerIntegrationFilter@340ed00e, org.springframework.security.web.context.SecurityContextPersistenceFilter@6f084b22, org.springframework.security.web.header.HeaderWriterFilter@453a06da, org.springframework.security.web.authentication.logout.LogoutFilter@6a8abf0e, com.colin.security.JwtRequestFilter@52436bd, org.springframework.security.web.savedrequest.RequestCacheAwareFilter@761f4482, org.springframework.security.web.servletapi.SecurityContextHolderAwareRequestFilter@6306804d, org.springframework.security.web.authentication.AnonymousAuthenticationFilter@1630b45b, org.springframework.security.web.session.SessionManagementFilter@53beed41, org.springframework.security.web.access.ExceptionTranslationFilter@5ea8e4cd, org.springframework.security.web.access.intercept.FilterSecurityInterceptor@66e193b4]
2021-09-13 14:59:41,722 INFO org.springframework.boot.devtools.autoconfigure.OptionalLiveReloadServer [restartedMain] LiveReload server is running on port 35729
2021-09-13 14:59:41,729 INFO org.springframework.boot.autoconfigure.web.servlet.WelcomePageHandlerMapping [restartedMain] Adding welcome page: class path resource [static/index.html]
2021-09-13 14:59:41,910 INFO org.springframework.boot.web.embedded.tomcat.TomcatWebServer [restartedMain] Tomcat started on port(s): 8484 (http) with context path ''
2021-09-13 14:59:41,913 INFO springfox.documentation.spring.web.plugins.DocumentationPluginsBootstrapper [restartedMain] Context refreshed
2021-09-13 14:59:41,913 INFO springfox.documentation.spring.web.plugins.DocumentationPluginsBootstrapper [restartedMain] Found 1 custom documentation plugin(s)
2021-09-13 14:59:41,914 INFO springfox.documentation.spring.web.scanners.ApiListingReferenceScanner [restartedMain] Scanning for api listing references
2021-09-13 14:59:41,998 INFO org.springframework.boot.StartupInfoLogger [restartedMain] Started SpringCrudApplication in 3.165 seconds (JVM running for 213763.791)
2021-09-13 14:59:42,000 INFO org.springframework.boot.devtools.autoconfigure.ConditionEvaluationDeltaLoggingListener [restartedMain] Condition evaluation unchanged
2021-09-13 15:02:34,168 INFO org.springframework.orm.jpa.AbstractEntityManagerFactoryBean [Thread-495] Closing JPA EntityManagerFactory for persistence unit 'default'
2021-09-13 15:02:34,169 INFO com.zaxxer.hikari.HikariDataSource [Thread-495] HikariPool-100 - Shutdown initiated...
2021-09-13 15:02:34,199 INFO com.zaxxer.hikari.HikariDataSource [Thread-495] HikariPool-100 - Shutdown completed.
2021-09-13 15:02:34,408 INFO org.springframework.boot.StartupInfoLogger [restartedMain] Starting SpringCrudApplication using Java 16.0.1 on lenovoT450 with PID 21172 (C:\Users\IT Work\git\Main\target\classes started by IT Work in C:\Users\IT Work\git\Main)
2021-09-13 15:02:34,409 DEBUG org.springframework.boot.StartupInfoLogger [restartedMain] Running with Spring Boot v2.5.1, Spring v5.3.8
2021-09-13 15:02:34,409 INFO org.springframework.boot.SpringApplication [restartedMain] No active profile set, falling back to default profiles: default
2021-09-13 15:02:34,838 INFO org.springframework.data.repository.config.RepositoryConfigurationDelegate [restartedMain] Bootstrapping Spring Data JPA repositories in DEFAULT mode.
2021-09-13 15:02:34,896 INFO org.springframework.data.repository.config.RepositoryConfigurationDelegate [restartedMain] Finished Spring Data repository scanning in 56 ms. Found 5 JPA repository interfaces.
2021-09-13 15:02:35,248 INFO org.springframework.context.support.PostProcessorRegistrationDelegate$BeanPostProcessorChecker [restartedMain] Bean 'org.springframework.security.access.expression.method.DefaultMethodSecurityExpressionHandler@ca4f61b' of type [org.springframework.security.access.expression.method.DefaultMethodSecurityExpressionHandler] is not eligible for getting processed by all BeanPostProcessors (for example: not eligible for auto-proxying)
2021-09-13 15:02:35,249 INFO org.springframework.context.support.PostProcessorRegistrationDelegate$BeanPostProcessorChecker [restartedMain] Bean 'methodSecurityMetadataSource' of type [org.springframework.security.access.method.DelegatingMethodSecurityMetadataSource] is not eligible for getting processed by all BeanPostProcessors (for example: not eligible for auto-proxying)
2021-09-13 15:02:35,509 INFO org.springframework.boot.web.embedded.tomcat.TomcatWebServer [restartedMain] Tomcat initialized with port(s): 8484 (http)
2021-09-13 15:02:35,510 INFO org.apache.juli.logging.DirectJDKLog [restartedMain] Starting service [Tomcat]
2021-09-13 15:02:35,510 INFO org.apache.juli.logging.DirectJDKLog [restartedMain] Starting Servlet engine: [Apache Tomcat/9.0.46]
2021-09-13 15:02:35,749 INFO org.apache.juli.logging.DirectJDKLog [restartedMain] At least one JAR was scanned for TLDs yet contained no TLDs. Enable debug logging for this logger for a complete list of JARs that were scanned but no TLDs were found in them. Skipping unneeded JARs during scanning can improve startup time and JSP compilation time.
2021-09-13 15:02:35,752 INFO org.apache.juli.logging.DirectJDKLog [restartedMain] Initializing Spring embedded WebApplicationContext
2021-09-13 15:02:35,753 INFO org.springframework.boot.web.servlet.context.ServletWebServerApplicationContext [restartedMain] Root WebApplicationContext: initialization completed in 1341 ms
2021-09-13 15:02:35,764 INFO com.zaxxer.hikari.HikariDataSource [restartedMain] HikariPool-101 - Starting...
2021-09-13 15:02:35,789 INFO com.zaxxer.hikari.HikariDataSource [restartedMain] HikariPool-101 - Start completed.
2021-09-13 15:02:35,790 INFO org.springframework.boot.autoconfigure.h2.H2ConsoleAutoConfiguration [restartedMain] H2 console available at '/h2-console'. Database available at 'jdbc:mysql://localhost:3306/grocery_store'
2021-09-13 15:02:35,920 INFO org.hibernate.jpa.internal.util.LogHelper [restartedMain] HHH000204: Processing PersistenceUnitInfo [name: default]
2021-09-13 15:02:35,934 INFO org.hibernate.dialect.Dialect [restartedMain] HHH000400: Using dialect: org.hibernate.dialect.MySQL8Dialect
2021-09-13 15:02:36,420 INFO org.hibernate.engine.transaction.jta.platform.internal.JtaPlatformInitiator [restartedMain] HHH000490: Using JtaPlatform implementation: [org.hibernate.engine.transaction.jta.platform.internal.NoJtaPlatform]
2021-09-13 15:02:36,421 INFO org.springframework.orm.jpa.AbstractEntityManagerFactoryBean [restartedMain] Initialized JPA EntityManagerFactory for persistence unit 'default'
2021-09-13 15:02:36,857 WARN org.springframework.boot.autoconfigure.orm.jpa.JpaBaseConfiguration$JpaWebConfiguration [restartedMain] spring.jpa.open-in-view is enabled by default. Therefore, database queries may be performed during view rendering. Explicitly configure spring.jpa.open-in-view to disable this warning
2021-09-13 15:02:36,888 DEBUG org.springframework.web.filter.GenericFilterBean [restartedMain] Filter 'jwtRequestFilter' configured for use
2021-09-13 15:02:37,276 INFO org.springframework.security.web.DefaultSecurityFilterChain [restartedMain] Will secure any request with [org.springframework.security.web.context.request.async.WebAsyncManagerIntegrationFilter@1ed9eb67, org.springframework.security.web.context.SecurityContextPersistenceFilter@34b9cccb, org.springframework.security.web.header.HeaderWriterFilter@266e7632, org.springframework.security.web.authentication.logout.LogoutFilter@34499bd2, com.colin.security.JwtRequestFilter@7ab6f306, org.springframework.security.web.savedrequest.RequestCacheAwareFilter@47dbe9ab, org.springframework.security.web.servletapi.SecurityContextHolderAwareRequestFilter@12d1c884, org.springframework.security.web.authentication.AnonymousAuthenticationFilter@18ea3da4, org.springframework.security.web.session.SessionManagementFilter@68f692fc, org.springframework.security.web.access.ExceptionTranslationFilter@4f478ad5, org.springframework.security.web.access.intercept.FilterSecurityInterceptor@33a3358e]
2021-09-13 15:02:37,348 INFO org.springframework.boot.devtools.autoconfigure.OptionalLiveReloadServer [restartedMain] LiveReload server is running on port 35729
2021-09-13 15:02:37,354 INFO org.springframework.boot.autoconfigure.web.servlet.WelcomePageHandlerMapping [restartedMain] Adding welcome page: class path resource [static/index.html]
2021-09-13 15:02:37,418 INFO org.springframework.boot.web.embedded.tomcat.TomcatWebServer [restartedMain] Tomcat started on port(s): 8484 (http) with context path ''
2021-09-13 15:02:37,420 INFO springfox.documentation.spring.web.plugins.DocumentationPluginsBootstrapper [restartedMain] Context refreshed
2021-09-13 15:02:37,420 INFO springfox.documentation.spring.web.plugins.DocumentationPluginsBootstrapper [restartedMain] Found 1 custom documentation plugin(s)
2021-09-13 15:02:37,422 INFO springfox.documentation.spring.web.scanners.ApiListingReferenceScanner [restartedMain] Scanning for api listing references
2021-09-13 15:02:37,563 INFO org.springframework.boot.StartupInfoLogger [restartedMain] Started SpringCrudApplication in 3.199 seconds (JVM running for 213939.356)
2021-09-13 15:02:37,565 INFO org.springframework.boot.devtools.autoconfigure.ConditionEvaluationDeltaLoggingListener [restartedMain] Condition evaluation unchanged
